2023/01/25 15:25:14 Notification sent! | halo
2023/01/25 15:25:55 <nil>
2023/01/25 15:27:41 halo
2023/01/25 15:30:27 halo
2023/01/25 15:30:49 halo
2023/01/25 15:30:59 halo
2023/01/25 15:31:24 halo
2023/01/25 15:35:15 halo
2023/01/25 15:35:31 halo
2023/01/25 15:36:13 halo
2023/01/25 15:36:41 halo
2023/01/25 15:36:58 halo
2023/01/25 15:54:27 halo
2023/01/25 16:02:31 halo
2023/01/25 16:27:38 halo
2023/01/25 16:27:47 halo
2023/01/25 16:32:24 halo
2023/01/25 16:34:51 halo
2023/01/25 16:45:38 {
"path":"halo"
}
2023/01/25 16:46:42 {
"path":"Aa"
}
2023/01/25 16:47:06 {"path":"Aa"}
2023/01/25 16:47:37 {"path":"Aa"}
2023/01/25 16:47:44 {"path":"Aa"}
2023/01/25 16:47:59 {"path":"Aa"}
2023/01/25 16:48:30 {"path":"Aa"}
2023/01/25 16:49:06 {"path":"Aa"}
2023/01/25 16:54:36 {"id":"12"}
2023/01/25 18:18:04 {"id":"12"}
2023/01/25 18:42:43 dial tcp 127.0.0.1:6379: connectex: No connection could be made because the target machine actively refused it.
2023/01/25 18:43:07 dial tcp 127.0.0.1:6379: connectex: No connection could be made because the target machine actively refused it.
2023/01/25 18:43:30 dial tcp 127.0.0.1:6379: connectex: No connection could be made because the target machine actively refused it.
2023/01/25 18:44:01 dial tcp 127.0.0.1:6379: connectex: No connection could be made because the target machine actively refused it.
2023/01/25 18:46:07 {"id":"12"}
2023/01/25 19:16:45 {"id":"12"}
2023/01/25 19:17:07 {"id":"12"}
2023/01/25 19:17:18 {"id":"12"}
2023/01/25 19:17:26 {"id":"12"}
2023/01/25 19:17:34 {"id":"12"}
